env: load .env.local
env: export EXPO_PUBLIC_GOOGLE_ANDROID_CLIENT_ID EXPO_PUBLIC_GOOGLE_IOS_CLIENT_ID EXPO_PUBLIC_GOOGLE_WEB_CLIENT_ID EXPO_PUBLIC_REVENUECAT_ANDROID_API_KEY EXPO_PUBLIC_REVENUECAT_ENTITLEMENT_ID EXPO_PUBLIC_REVENUECAT_IOS_API_KEY EXPO_PUBLIC_REVENUECAT_PAYWALL_ENABLED LINEAR_API_KEY
Starting project at /Users/victoria/Projects/Tatum-App-Launch
Logs: /Users/victoria/Projects/Tatum-App-Launch/.expo/dev/logs/start.log
Starting Metro Bundler

Waiting on http://localhost:8081
Logs for your project will appear below.
Android Bundled 578ms node_modules/expo-router/entry.js (2393 modules)
 LOG  [db] current user_version=0, target=5
 LOG  [db] migrating from v0 → v5
 LOG  [db] applying migration v1
 LOG  [db] applying migration v2
 LOG  [db] applying migration v3
 LOG  [db] applying migration v4
 LOG  [db] applying migration v5
 LOG  [devSeed] seeding heavy dev dataset…
 LOG  [devSeed] done — 45 sessions + period logs + 3 partners
 WARN  InteractionManager has been deprecated and will be removed in a future release. Please refactor long tasks into smaller ones, and  use 'requestIdleCallback' instead.
Android Bundled 62ms node_modules/expo-router/entry.js (1 module)
 LOG  [db] current user_version=0, target=5
 LOG  [db] migrating from v0 → v5
 LOG  [db] applying migration v1
 LOG  [db] applying migration v2
 LOG  [db] applying migration v3
 LOG  [db] applying migration v4
 LOG  [db] applying migration v5
 LOG  [devSeed] seeding heavy dev dataset…
 LOG  [devSeed] done — 45 sessions + period logs + 3 partners
 WARN  InteractionManager has been deprecated and will be removed in a future release. Please refactor long tasks into smaller ones, and  use 'requestIdleCallback' instead.
Android Bundled 58ms node_modules/expo-router/entry.js (1 module)
 LOG  [db] current user_version=0, target=5
 LOG  [db] migrating from v0 → v5
 LOG  [db] applying migration v1
 LOG  [db] applying migration v2
 LOG  [db] applying migration v3
 LOG  [db] applying migration v4
 LOG  [db] applying migration v5
 LOG  [devSeed] seeding heavy dev dataset…
 LOG  [devSeed] done — 45 sessions + period logs + 3 partners
 WARN  InteractionManager has been deprecated and will be removed in a future release. Please refactor long tasks into smaller ones, and  use 'requestIdleCallback' instead.
Android Bundled 47ms node_modules/expo-router/entry.js (1 module)
 LOG  [db] current user_version=0, target=5
 LOG  [db] migrating from v0 → v5
 LOG  [db] applying migration v1
 LOG  [db] applying migration v2
 LOG  [db] applying migration v3
 LOG  [db] applying migration v4
 LOG  [db] applying migration v5
 LOG  [devSeed] seeding heavy dev dataset…
 LOG  [devSeed] done — 45 sessions + period logs + 3 partners
 WARN  InteractionManager has been deprecated and will be removed in a future release. Please refactor long tasks into smaller ones, and  use 'requestIdleCallback' instead.
Android Bundled 61ms node_modules/expo-router/entry.js (1 module)
 LOG  [db] current user_version=0, target=5
 LOG  [db] migrating from v0 → v5
 LOG  [db] applying migration v1
 LOG  [db] applying migration v2
 LOG  [db] applying migration v3
 LOG  [db] applying migration v4
 LOG  [db] applying migration v5
 LOG  [devSeed] seeding heavy dev dataset…
 LOG  [devSeed] done — 45 sessions + period logs + 3 partners
 WARN  InteractionManager has been deprecated and will be removed in a future release. Please refactor long tasks into smaller ones, and  use 'requestIdleCallback' instead.
Android Bundled 53ms node_modules/expo-router/entry.js (1 module)
 LOG  [db] current user_version=0, target=5
 LOG  [db] migrating from v0 → v5
 LOG  [db] applying migration v1
 LOG  [db] applying migration v2
 LOG  [db] applying migration v3
 LOG  [db] applying migration v4
 LOG  [db] applying migration v5
 LOG  [devSeed] seeding heavy dev dataset…
 LOG  [devSeed] done — 45 sessions + period logs + 3 partners
 WARN  InteractionManager has been deprecated and will be removed in a future release. Please refactor long tasks into smaller ones, and  use 'requestIdleCallback' instead.
Android Bundled 66ms node_modules/expo-router/entry.js (1 module)
 LOG  [db] current user_version=0, target=5
 LOG  [db] migrating from v0 → v5
 LOG  [db] applying migration v1
 LOG  [db] applying migration v2
 LOG  [db] applying migration v3
 LOG  [db] applying migration v4
 LOG  [db] applying migration v5
 LOG  [devSeed] seeding heavy dev dataset…
 LOG  [devSeed] done — 45 sessions + period logs + 3 partners
 WARN  InteractionManager has been deprecated and will be removed in a future release. Please refactor long tasks into smaller ones, and  use 'requestIdleCallback' instead.
Android Bundled 58ms node_modules/expo-router/entry.js (1 module)
 LOG  [db] current user_version=0, target=5
 LOG  [db] migrating from v0 → v5
 LOG  [db] applying migration v1
 LOG  [db] applying migration v2
 LOG  [db] applying migration v3
 LOG  [db] applying migration v4
 LOG  [db] applying migration v5
 LOG  [devSeed] seeding heavy dev dataset…
 LOG  [devSeed] done — 45 sessions + period logs + 3 partners
 WARN  InteractionManager has been deprecated and will be removed in a future release. Please refactor long tasks into smaller ones, and  use 'requestIdleCallback' instead.
Android Bundled 58ms node_modules/expo-router/entry.js (1 module)
 LOG  [db] current user_version=0, target=5
 LOG  [db] migrating from v0 → v5
 LOG  [db] applying migration v1
 LOG  [db] applying migration v2
 LOG  [db] applying migration v3
 LOG  [db] applying migration v4
 LOG  [db] applying migration v5
 LOG  [devSeed] seeding heavy dev dataset…
 LOG  [devSeed] done — 45 sessions + period logs + 3 partners
 WARN  InteractionManager has been deprecated and will be removed in a future release. Please refactor long tasks into smaller ones, and  use 'requestIdleCallback' instead.
Android Bundled 54ms node_modules/expo-router/entry.js (1 module)
 LOG  [db] current user_version=0, target=5
 LOG  [db] migrating from v0 → v5
 LOG  [db] applying migration v1
 LOG  [db] applying migration v2
 LOG  [db] applying migration v3
 LOG  [db] applying migration v4
 LOG  [db] applying migration v5
 LOG  [devSeed] seeding heavy dev dataset…
 LOG  [devSeed] done — 45 sessions + period logs + 3 partners
 WARN  InteractionManager has been deprecated and will be removed in a future release. Please refactor long tasks into smaller ones, and  use 'requestIdleCallback' instead.
Android Bundled 54ms node_modules/expo-router/entry.js (1 module)
Android Bundled 57ms node_modules/expo-router/entry.js (1 module)
 LOG  [db] current user_version=0, target=5
 LOG  [db] migrating from v0 → v5
 LOG  [db] applying migration v1
 LOG  [db] applying migration v2
 LOG  [db] applying migration v3
 LOG  [db] applying migration v4
 LOG  [db] applying migration v5
 LOG  [devSeed] seeding heavy dev dataset…
 LOG  [devSeed] done — 45 sessions + period logs + 3 partners
 WARN  InteractionManager has been deprecated and will be removed in a future release. Please refactor long tasks into smaller ones, and  use 'requestIdleCallback' instead.
Android Bundled 54ms node_modules/expo-router/entry.js (1 module)
 LOG  [db] current user_version=0, target=5
 LOG  [db] migrating from v0 → v5
 LOG  [db] applying migration v1
 LOG  [db] applying migration v2
 LOG  [db] applying migration v3
 LOG  [db] applying migration v4
 LOG  [db] applying migration v5
 LOG  [devSeed] seeding heavy dev dataset…
 LOG  [devSeed] done — 45 sessions + period logs + 3 partners
 WARN  InteractionManager has been deprecated and will be removed in a future release. Please refactor long tasks into smaller ones, and  use 'requestIdleCallback' instead.
Android Bundled 49ms node_modules/expo-router/entry.js (1 module)
 LOG  [db] current user_version=0, target=5
 LOG  [db] migrating from v0 → v5
 LOG  [db] applying migration v1
 LOG  [db] applying migration v2
 LOG  [db] applying migration v3
 LOG  [db] applying migration v4
 LOG  [db] applying migration v5
 LOG  [devSeed] seeding heavy dev dataset…
 LOG  [devSeed] done — 45 sessions + period logs + 3 partners
 WARN  InteractionManager has been deprecated and will be removed in a future release. Please refactor long tasks into smaller ones, and  use 'requestIdleCallback' instead.
Android Bundled 53ms node_modules/expo-router/entry.js (1 module)
 LOG  [db] current user_version=0, target=5
 LOG  [db] migrating from v0 → v5
 LOG  [db] applying migration v1
 LOG  [db] applying migration v2
 LOG  [db] applying migration v3
 LOG  [db] applying migration v4
 LOG  [db] applying migration v5
 LOG  [devSeed] seeding heavy dev dataset…
 LOG  [devSeed] done — 45 sessions + period logs + 3 partners
 WARN  InteractionManager has been deprecated and will be removed in a future release. Please refactor long tasks into smaller ones, and  use 'requestIdleCallback' instead.
Android Bundled 48ms node_modules/expo-router/entry.js (1 module)
 LOG  [db] current user_version=5, target=5
 LOG  [devSeed] sessions already present — skipping seed
 WARN  InteractionManager has been deprecated and will be removed in a future release. Please refactor long tasks into smaller ones, and  use 'requestIdleCallback' instead.
